<?xml version="1.0" encoding="UTF-8"?>
<!-- Generated by org.testng.reporters.JUnitXMLReporter -->
<testsuite hostname="DESKTOP-LUPK89I" failures="0" tests="3" name="Default test" time="12.039" errors="0" timestamp="16 Mar 2022 09:09:49 GMT">
  <testcase classname="RestTesting.E_Commerce" name="Login" time="6.962"/>
  <testcase classname="RestTesting.E_Commerce" name="GetAllUsers" time="3.105"/>
  <testcase classname="RestTesting.E_Commerce" name="DeleteUserById" time="1.948"/>
</testsuite> <!-- Default test -->
