<?xml version="1.0" encoding="UTF-8"?>
<testng-results total="6" passed="6" failed="0" skipped="0">
  <reporter-output>
  </reporter-output>
  <suite started-at="2022-03-16T10:36:50Z" name="Suite" finished-at="2022-03-16T10:37:06Z" duration-ms="16200">
    <groups>
    </groups>
    <test started-at="2022-03-16T10:36:50Z" name="Test" finished-at="2022-03-16T10:37:06Z" duration-ms="16200">
      <class name="RestTesting.E_Commerce">
        <test-method signature="Login()[pri:1, instance:RestTesting.E_Commerce@3370f42]" started-at="2022-03-16T16:06:55Z" name="Login" finished-at="2022-03-16T16:06:59Z" duration-ms="4002" status="PASS">
          <reporter-output>
          </reporter-output>
        </test-method> <!-- Login -->
        <test-method signature="GetAllUsers()[pri:2, instance:RestTesting.E_Commerce@3370f42]" started-at="2022-03-16T16:07:00Z" name="GetAllUsers" finished-at="2022-03-16T16:07:02Z" duration-ms="2899" status="PASS">
          <reporter-output>
          </reporter-output>
        </test-method> <!-- GetAllUsers -->
        <test-method signature="DeleteUserById()[pri:3, instance:RestTesting.E_Commerce@3370f42]" started-at="2022-03-16T16:07:04Z" name="DeleteUserById" finished-at="2022-03-16T16:07:06Z" duration-ms="1871" status="PASS">
          <reporter-output>
          </reporter-output>
        </test-method> <!-- DeleteUserById -->
      </class> <!-- RestTesting.E_Commerce -->
      <class name="RestTesting.Trello">
        <test-method signature="createBoard()[pri:0, instance:RestTesting.Trello@6853425f]" started-at="2022-03-16T16:06:50Z" name="createBoard" finished-at="2022-03-16T16:06:55Z" duration-ms="4667" status="PASS">
          <reporter-output>
          </reporter-output>
        </test-method> <!-- createBoard -->
        <test-method signature="getBoard()[pri:1, instance:RestTesting.Trello@6853425f]" started-at="2022-03-16T16:06:59Z" name="getBoard" finished-at="2022-03-16T16:07:00Z" duration-ms="850" status="PASS">
          <reporter-output>
          </reporter-output>
        </test-method> <!-- getBoard -->
        <test-method signature="deleteBoard()[pri:2, instance:RestTesting.Trello@6853425f]" started-at="2022-03-16T16:07:02Z" name="deleteBoard" finished-at="2022-03-16T16:07:04Z" duration-ms="1873" status="PASS">
          <reporter-output>
          </reporter-output>
        </test-method> <!-- deleteBoard -->
      </class> <!-- RestTesting.Trello -->
    </test> <!-- Test -->
  </suite> <!-- Suite -->
</testng-results>
