<?xml version="1.0" encoding="UTF-8"?>
<testng-results total="1" passed="1" failed="0" skipped="0">
  <reporter-output>
  </reporter-output>
  <suite started-at="2022-03-16T05:58:55Z" name="Default suite" finished-at="2022-03-16T05:58:55Z" duration-ms="44">
    <groups>
    </groups>
    <test started-at="2022-03-16T05:58:55Z" name="Default test" finished-at="2022-03-16T05:58:55Z" duration-ms="44">
      <class name="RestTesting.TestingJunit">
        <test-method signature="testcase1()[pri:0, instance:RestTesting.TestingJunit@21129f1f]" started-at="2022-03-16T11:28:55Z" name="testcase1" finished-at="2022-03-16T11:28:55Z" duration-ms="15" status="PASS">
          <reporter-output>
          </reporter-output>
        </test-method> <!-- testcase1 -->
      </class> <!-- RestTesting.TestingJunit -->
    </test> <!-- Default test -->
  </suite> <!-- Default suite -->
</testng-results>
